Using pre-set license
Built from '2020.2/release' branch; Version is '2020.2.0f1 (3721df5a8b28) revision 3613151'; Using compiler version '192528614'; Build Type 'Release'
OS: 'Windows 10  (10.0.0) 64bit' Language: 'en' Physical Memory: 16184 MB
BatchMode: 1, IsHumanControllingUs: 0, StartBugReporterOnCrash: 0, Is64bit: 1, IsPro: 0

 COMMAND LINE ARGUMENTS:
C:\Program Files\Unity\Editor\Unity.exe
-adb2
-batchMode
-noUpm
-name
AssetImportWorker0
-projectPath
C:/Users/340368/OneDrive - Hertford Regional College/UNITY/PROJECT/UP1/Anomaly
-logFile
Logs/AssetImportWorker0.log
-srvPort
58184
Successfully changed project path to: C:/Users/340368/OneDrive - Hertford Regional College/UNITY/PROJECT/UP1/Anomaly
C:/Users/340368/OneDrive - Hertford Regional College/UNITY/PROJECT/UP1/Anomaly
Using Asset Import Pipeline V2.
Refreshing native plugins compatible for Editor in 20.77 ms, found 0 plugins.
Preloading 0 native plugins for Editor in 0.00 ms.
Initialize engine version: 2020.2.0f1 (3721df5a8b28)
[Subsystems] Discovering subsystems at path C:/Program Files/Unity/Editor/Data/Resources/UnitySubsystems
[Subsystems] Discovering subsystems at path C:/Users/340368/OneDrive - Hertford Regional College/UNITY/PROJECT/UP1/Anomaly/Assets
GfxDevice: creating device client; threaded=0
Direct3D:
    Version:  Direct3D 11.0 [level 11.1]
    Renderer: NVIDIA GeForce GTX 1660 Ti (ID=0x2182)
    Vendor:   
    VRAM:     5991 MB
    Driver:   27.21.14.6137
Initialize mono
Mono path[0] = 'C:/Program Files/Unity/Editor/Data/Managed'
Mono path[1] = 'C:/Program Files/Unity/Editor/Data/MonoBleedingEdge/lib/mono/unityjit'
Mono config path = 'C:/Program Files/Unity/Editor/Data/MonoBleedingEdge/etc'
Using monoOptions --debugger-agent=transport=dt_socket,embedding=1,server=y,suspend=n,address=127.0.0.1:56748
Begin MonoManager ReloadAssembly
Registering precompiled unity dll's ...
Register platform support module: C:/Program Files/Unity/Editor/Data/PlaybackEngines/WindowsStandaloneSupport/UnityEditor.WindowsStandalone.Extensions.dll
Registered in 0.001820 seconds.
Native extension for WindowsStandalone target not found
Refreshing native plugins compatible for Editor in 19.89 ms, found 0 plugins.
Preloading 0 native plugins for Editor in 0.00 ms.
Invoked RoslynAnalysisRunner static constructor.
RoslynAnalysisRunner will not be running.
RoslynAnalysisRunner has terminated.
Mono: successfully reloaded assembly
- Completed reload, in  1.014 seconds
Platform modules already initialized, skipping
Registering precompiled user dll's ...
Registered in 0.001238 seconds.
Begin MonoManager ReloadAssembly
Native extension for WindowsStandalone target not found
Refreshing native plugins compatible for Editor in 0.18 ms, found 0 plugins.
Preloading 0 native plugins for Editor in 0.00 ms.
Invoked RoslynAnalysisRunner static constructor.
RoslynAnalysisRunner will not be running.
RoslynAnalysisRunner has terminated.
Mono: successfully reloaded assembly
- Completed reload, in  0.667 seconds
Platform modules already initialized, skipping
========================================================================
Worker process is ready to serve import requests
Launched and connected shader compiler UnityShaderCompiler.exe after 0.04 seconds
Refreshing native plugins compatible for Editor in 0.19 ms, found 0 plugins.
Preloading 0 native plugins for Editor in 0.00 ms.
Unloading 1114 Unused Serialized files (Serialized files now loaded: 0)
System memory in use before: 72.0 MB.
System memory in use after: 72.0 MB.

Unloading 10 unused Assets to reduce memory usage. Loaded Objects now: 1582.
Total: 1.388800 ms (FindLiveObjects: 0.126200 ms CreateObjectMapping: 0.036800 ms MarkObjects: 1.150200 ms  DeleteObjects: 0.075000 ms)

========================================================================
Received Import Request.
  path: Assets/Scenes/b.unity
  artifactKey: Guid(193697f2700895d4fa15a4544d991fa1) Importer(815301076,1909f56bfc062723c751e8b465ee728b)
Start importing Assets/Scenes/b.unity using Guid(193697f2700895d4fa15a4544d991fa1) Importer(815301076,1909f56bfc062723c751e8b465ee728b)  -> (artifact id: '727bcde4c71186d6123763c19d3443bd') in 0.029574 seconds
  Import took 0.034181 seconds .

========================================================================
Received Import Request.
  Time since last request: 6.326437 seconds.
  path: Assets/Scenes/a-BB15PC06-2.unity
  artifactKey: Guid(34ce56950f6794e499c0363444d47910) Importer(815301076,1909f56bfc062723c751e8b465ee728b)
Start importing Assets/Scenes/a-BB15PC06-2.unity using Guid(34ce56950f6794e499c0363444d47910) Importer(815301076,1909f56bfc062723c751e8b465ee728b)  -> (artifact id: '3f5a5a28225751e60ed1f800bed2011a') in 0.005501 seconds
  Import took 0.008589 seconds .

========================================================================
Received Import Request.
  Time since last request: 2.785357 seconds.
  path: Assets/Scenes/a-BB15PC06.unity
  artifactKey: Guid(dbe1e3c883e5eac4bb310699ce7fa3de) Importer(815301076,1909f56bfc062723c751e8b465ee728b)
Start importing Assets/Scenes/a-BB15PC06.unity using Guid(dbe1e3c883e5eac4bb310699ce7fa3de) Importer(815301076,1909f56bfc062723c751e8b465ee728b)  -> (artifact id: 'c658fe112ce04334fc191712575adef8') in 0.005418 seconds
  Import took 0.008403 seconds .

========================================================================
Received Prepare
Refreshing native plugins compatible for Editor in 1.07 ms, found 0 plugins.
Preloading 0 native plugins for Editor in 0.00 ms.
Unloading 3 Unused Serialized files (Serialized files now loaded: 0)
System memory in use before: 50.5 MB.
System memory in use after: 50.6 MB.

Unloading 3 unused Assets to reduce memory usage. Loaded Objects now: 1582.
Total: 1.545400 ms (FindLiveObjects: 0.098700 ms CreateObjectMapping: 0.027900 ms MarkObjects: 1.365100 ms  DeleteObjects: 0.052800 ms)

========================================================================
Received Prepare
Refreshing native plugins compatible for Editor in 1.03 ms, found 0 plugins.
Preloading 0 native plugins for Editor in 0.00 ms.
Unloading 3 Unused Serialized files (Serialized files now loaded: 0)
System memory in use before: 50.5 MB.
System memory in use after: 50.6 MB.

Unloading 3 unused Assets to reduce memory usage. Loaded Objects now: 1582.
Total: 1.677500 ms (FindLiveObjects: 0.115100 ms CreateObjectMapping: 0.034200 ms MarkObjects: 1.471400 ms  DeleteObjects: 0.055700 ms)

========================================================================
Received Import Request.
  Time since last request: 684.551715 seconds.
  path: Assets/Script/gamestate/GameStateVariables.cs
  artifactKey: Guid(d38e95a178b4ae54c8a2209cd2a9bf5e) Importer(815301076,1909f56bfc062723c751e8b465ee728b)
Start importing Assets/Script/gamestate/GameStateVariables.cs using Guid(d38e95a178b4ae54c8a2209cd2a9bf5e) Importer(815301076,1909f56bfc062723c751e8b465ee728b)  -> (artifact id: '47f7efc2f0ef95cfb485fef25b9fadc6') in 0.030418 seconds
  Import took 0.033778 seconds .

========================================================================
Received Prepare
Registering precompiled user dll's ...
Registered in 0.001194 seconds.
Begin MonoManager ReloadAssembly
Native extension for WindowsStandalone target not found
Refreshing native plugins compatible for Editor in 0.18 ms, found 0 plugins.
Preloading 0 native plugins for Editor in 0.00 ms.
Invoked RoslynAnalysisRunner static constructor.
RoslynAnalysisRunner will not be running.
RoslynAnalysisRunner has terminated.
Mono: successfully reloaded assembly
- Completed reload, in  0.628 seconds
Platform modules already initialized, skipping
Refreshing native plugins compatible for Editor in 0.18 ms, found 0 plugins.
Preloading 0 native plugins for Editor in 0.00 ms.
Unloading 1109 Unused Serialized files (Serialized files now loaded: 0)
System memory in use before: 72.9 MB.
System memory in use after: 73.0 MB.

Unloading 5 unused Assets to reduce memory usage. Loaded Objects now: 1584.
Total: 1.260200 ms (FindLiveObjects: 0.110600 ms CreateObjectMapping: 0.077700 ms MarkObjects: 1.013800 ms  DeleteObjects: 0.057200 ms)

========================================================================
Received Prepare
Registering precompiled user dll's ...
Registered in 0.001197 seconds.
Begin MonoManager ReloadAssembly
Native extension for WindowsStandalone target not found
Refreshing native plugins compatible for Editor in 0.18 ms, found 0 plugins.
Preloading 0 native plugins for Editor in 0.00 ms.
Invoked RoslynAnalysisRunner static constructor.
RoslynAnalysisRunner will not be running.
RoslynAnalysisRunner has terminated.
Mono: successfully reloaded assembly
- Completed reload, in  0.657 seconds
Platform modules already initialized, skipping
Refreshing native plugins compatible for Editor in 0.18 ms, found 0 plugins.
Preloading 0 native plugins for Editor in 0.00 ms.
Unloading 1109 Unused Serialized files (Serialized files now loaded: 0)
System memory in use before: 73.0 MB.
System memory in use after: 73.0 MB.

Unloading 5 unused Assets to reduce memory usage. Loaded Objects now: 1586.
Total: 1.244900 ms (FindLiveObjects: 0.129400 ms CreateObjectMapping: 0.036000 ms MarkObjects: 1.022000 ms  DeleteObjects: 0.056100 ms)

========================================================================
Received Prepare
Registering precompiled user dll's ...
Registered in 0.000970 seconds.
Begin MonoManager ReloadAssembly
Native extension for WindowsStandalone target not found
Refreshing native plugins compatible for Editor in 0.18 ms, found 0 plugins.
Preloading 0 native plugins for Editor in 0.00 ms.
Invoked RoslynAnalysisRunner static constructor.
RoslynAnalysisRunner will not be running.
RoslynAnalysisRunner has terminated.
Mono: successfully reloaded assembly
- Completed reload, in  0.670 seconds
Platform modules already initialized, skipping
Refreshing native plugins compatible for Editor in 0.18 ms, found 0 plugins.
Preloading 0 native plugins for Editor in 0.00 ms.
Unloading 1109 Unused Serialized files (Serialized files now loaded: 0)
System memory in use before: 73.0 MB.
System memory in use after: 73.1 MB.

Unloading 5 unused Assets to reduce memory usage. Loaded Objects now: 1588.
Total: 1.665800 ms (FindLiveObjects: 0.159100 ms CreateObjectMapping: 0.063700 ms MarkObjects: 1.353800 ms  DeleteObjects: 0.088200 ms)

========================================================================
Received Prepare
Refreshing native plugins compatible for Editor in 1.07 ms, found 0 plugins.
Preloading 0 native plugins for Editor in 0.00 ms.
Unloading 3 Unused Serialized files (Serialized files now loaded: 0)
System memory in use before: 50.7 MB.
System memory in use after: 50.8 MB.

Unloading 3 unused Assets to reduce memory usage. Loaded Objects now: 1588.
Total: 1.840600 ms (FindLiveObjects: 0.254200 ms CreateObjectMapping: 0.067600 ms MarkObjects: 1.460900 ms  DeleteObjects: 0.056900 ms)

